[Sat Feb 03 15:10:59.847474 2024] [php:error] [pid 12480:tid 1864] [client ::1:64902] PHP Parse error:  syntax error, unexpected token "=", expecting "," or ";" in C:\\Users\\bart-\\OneDrive\\Desktop\\PHP_SPD_222\\basics.php on line 30, referer: http://www.spd-222.loc/
[Sat Feb 03 15:11:22.685512 2024] [php:error] [pid 12480:tid 1872] [client ::1:64903] PHP Parse error:  syntax error, unexpected token "=", expecting "," or ";" in C:\\Users\\bart-\\OneDrive\\Desktop\\PHP_SPD_222\\basics.php on line 30, referer: http://www.spd-222.loc/
[Sat Feb 03 15:31:46.044785 2024] [php:warn] [pid 12480:tid 1864] [client ::1:56903] PHP Warning:  Undefined array key "name" in C:\\Users\\bart-\\OneDrive\\Desktop\\PHP_SPD_222\\basics.php on line 56, referer: http://www.spd-222.loc/
[Sat Feb 03 15:38:28.484965 2024] [php:error] [pid 12480:tid 1872] [client ::1:56952] PHP Parse error:  syntax error, unexpected token "endforeach", expecting end of file in C:\\Users\\bart-\\OneDrive\\Desktop\\PHP_SPD_222\\basics.php on line 64, referer: http://www.spd-222.loc/
[Sat Feb 03 15:38:43.771538 2024] [php:error] [pid 12480:tid 1864] [client ::1:56953] PHP Parse error:  syntax error, unexpected token "endforeach", expecting end of file in C:\\Users\\bart-\\OneDrive\\Desktop\\PHP_SPD_222\\basics.php on line 64, referer: http://www.spd-222.loc/
[Sat Feb 03 15:38:44.227808 2024] [php:error] [pid 12480:tid 1864] [client ::1:56953] PHP Parse error:  syntax error, unexpected token "endforeach", expecting end of file in C:\\Users\\bart-\\OneDrive\\Desktop\\PHP_SPD_222\\basics.php on line 64, referer: http://www.spd-222.loc/
[Sat Feb 03 15:38:45.172221 2024] [php:error] [pid 12480:tid 1864] [client ::1:56953] PHP Parse error:  syntax error, unexpected token "endforeach", expecting end of file in C:\\Users\\bart-\\OneDrive\\Desktop\\PHP_SPD_222\\basics.php on line 64, referer: http://www.spd-222.loc/
[Sat Feb 03 15:39:03.563846 2024] [php:error] [pid 12480:tid 1872] [client ::1:56954] PHP Parse error:  syntax error, unexpected token "endforeach", expecting end of file in C:\\Users\\bart-\\OneDrive\\Desktop\\PHP_SPD_222\\basics.php on line 64, referer: http://www.spd-222.loc/
[Sat Feb 03 15:54:25.659134 2024] [php:error] [pid 12480:tid 1872] [client ::1:59684] PHP Fatal error:  Uncaught Error: Undefined constant "_header" in C:\\Users\\bart-\\OneDrive\\Desktop\\PHP_SPD_222\\Index.php:12\nStack trace:\n#0 {main}\n  thrown in C:\\Users\\bart-\\OneDrive\\Desktop\\PHP_SPD_222\\Index.php on line 12
[Sat Feb 03 16:43:29.418753 2024] [php:error] [pid 16400:tid 1880] [client ::1:55333] PHP Parse error:  syntax error, unexpected end of file, expecting "," or ";" in C:\\Users\\bart-\\OneDrive\\Desktop\\PHP_SPD_222\\access_manager.php on line 5
[Sat Feb 10 14:23:20.103189 2024] [php:error] [pid 10188:tid 1856] [client ::1:62451] PHP Parse error:  syntax error, unexpected token "&", expecting "case" or "default" or "}" in C:\\Users\\bart-\\OneDrive\\Desktop\\PHP_SPD_222\\access_manager.php on line 27, referer: http://www.spd-222.loc/
[Sat Feb 10 14:23:20.269053 2024] [php:error] [pid 10188:tid 1856] [client ::1:62451] PHP Parse error:  syntax error, unexpected token "&", expecting "case" or "default" or "}" in C:\\Users\\bart-\\OneDrive\\Desktop\\PHP_SPD_222\\access_manager.php on line 27, referer: http://www.spd-222.loc/
[Sat Feb 10 14:27:14.354788 2024] [php:error] [pid 10188:tid 1860] [client ::1:54347] PHP Parse error:  syntax error, unexpected token "&", expecting "case" or "default" or "}" in C:\\Users\\bart-\\OneDrive\\Desktop\\PHP_SPD_222\\access_manager.php on line 27, referer: http://www.spd-222.loc/
[Sat Feb 10 14:27:14.378708 2024] [php:error] [pid 10188:tid 1860] [client ::1:54347] PHP Parse error:  syntax error, unexpected token "&", expecting "case" or "default" or "}" in C:\\Users\\bart-\\OneDrive\\Desktop\\PHP_SPD_222\\access_manager.php on line 27, referer: http://www.spd-222.loc/
[Sat Feb 10 14:27:18.521151 2024] [php:error] [pid 10188:tid 1860] [client ::1:54347] PHP Parse error:  syntax error, unexpected token "&", expecting "case" or "default" or "}" in C:\\Users\\bart-\\OneDrive\\Desktop\\PHP_SPD_222\\access_manager.php on line 27, referer: http://www.spd-222.loc/
[Sat Feb 10 14:27:18.547634 2024] [php:error] [pid 10188:tid 1860] [client ::1:54347] PHP Parse error:  syntax error, unexpected token "&", expecting "case" or "default" or "}" in C:\\Users\\bart-\\OneDrive\\Desktop\\PHP_SPD_222\\access_manager.php on line 27, referer: http://www.spd-222.loc/
[Sat Feb 10 14:37:09.855532 2024] [php:warn] [pid 10188:tid 1856] [client ::1:54688] PHP Warning:  Undefined variable $filename in C:\\Users\\bart-\\OneDrive\\Desktop\\PHP_SPD_222\\access_manager.php on line 17, referer: http://www.spd-222.loc/
[Sat Feb 10 14:37:09.856017 2024] [php:warn] [pid 10188:tid 1868] [client ::1:54690] PHP Warning:  Undefined variable $filename in C:\\Users\\bart-\\OneDrive\\Desktop\\PHP_SPD_222\\access_manager.php on line 17, referer: http://www.spd-222.loc/
[Sat Feb 10 14:37:09.856017 2024] [php:warn] [pid 10188:tid 1860] [client ::1:54689] PHP Warning:  Undefined variable $filename in C:\\Users\\bart-\\OneDrive\\Desktop\\PHP_SPD_222\\access_manager.php on line 17, referer: http://www.spd-222.loc/
[Sat Feb 10 14:37:11.112693 2024] [php:warn] [pid 10188:tid 1860] [client ::1:54689] PHP Warning:  Undefined variable $filename in C:\\Users\\bart-\\OneDrive\\Desktop\\PHP_SPD_222\\access_manager.php on line 17, referer: http://www.spd-222.loc/
[Sat Feb 10 14:37:11.126056 2024] [php:warn] [pid 10188:tid 1860] [client ::1:54689] PHP Warning:  Undefined variable $filename in C:\\Users\\bart-\\OneDrive\\Desktop\\PHP_SPD_222\\access_manager.php on line 17, referer: http://www.spd-222.loc/basics
[Sat Feb 10 14:37:11.127052 2024] [php:warn] [pid 10188:tid 1856] [client ::1:54688] PHP Warning:  Undefined variable $filename in C:\\Users\\bart-\\OneDrive\\Desktop\\PHP_SPD_222\\access_manager.php on line 17, referer: http://www.spd-222.loc/basics
[Sat Feb 10 14:37:11.127052 2024] [php:warn] [pid 10188:tid 1868] [client ::1:54690] PHP Warning:  Undefined variable $filename in C:\\Users\\bart-\\OneDrive\\Desktop\\PHP_SPD_222\\access_manager.php on line 17, referer: http://www.spd-222.loc/basics
[Sat Feb 10 14:37:12.465391 2024] [php:warn] [pid 10188:tid 1868] [client ::1:54690] PHP Warning:  Undefined variable $filename in C:\\Users\\bart-\\OneDrive\\Desktop\\PHP_SPD_222\\access_manager.php on line 17, referer: http://www.spd-222.loc/basics
[Sat Feb 10 14:37:12.475352 2024] [php:warn] [pid 10188:tid 1868] [client ::1:54690] PHP Warning:  Undefined variable $filename in C:\\Users\\bart-\\OneDrive\\Desktop\\PHP_SPD_222\\access_manager.php on line 17, referer: http://www.spd-222.loc/layout
[Sat Feb 10 14:37:12.476349 2024] [php:warn] [pid 10188:tid 1856] [client ::1:54688] PHP Warning:  Undefined variable $filename in C:\\Users\\bart-\\OneDrive\\Desktop\\PHP_SPD_222\\access_manager.php on line 17, referer: http://www.spd-222.loc/layout
[Sat Feb 10 14:37:12.476349 2024] [php:warn] [pid 10188:tid 1860] [client ::1:54689] PHP Warning:  Undefined variable $filename in C:\\Users\\bart-\\OneDrive\\Desktop\\PHP_SPD_222\\access_manager.php on line 17, referer: http://www.spd-222.loc/layout
[Sat Feb 10 14:37:13.280397 2024] [php:warn] [pid 10188:tid 1860] [client ::1:54689] PHP Warning:  Undefined variable $filename in C:\\Users\\bart-\\OneDrive\\Desktop\\PHP_SPD_222\\access_manager.php on line 17, referer: http://www.spd-222.loc/layout
[Sat Feb 10 14:37:13.292354 2024] [php:warn] [pid 10188:tid 1860] [client ::1:54689] PHP Warning:  Undefined variable $filename in C:\\Users\\bart-\\OneDrive\\Desktop\\PHP_SPD_222\\access_manager.php on line 17, referer: http://www.spd-222.loc/basics
[Sat Feb 10 14:37:13.295345 2024] [php:warn] [pid 10188:tid 1856] [client ::1:54688] PHP Warning:  Undefined variable $filename in C:\\Users\\bart-\\OneDrive\\Desktop\\PHP_SPD_222\\access_manager.php on line 17, referer: http://www.spd-222.loc/basics
[Sat Feb 10 14:37:13.295345 2024] [php:warn] [pid 10188:tid 1860] [client ::1:54689] PHP Warning:  Undefined variable $filename in C:\\Users\\bart-\\OneDrive\\Desktop\\PHP_SPD_222\\access_manager.php on line 17, referer: http://www.spd-222.loc/basics
[Sat Feb 10 14:37:18.584398 2024] [php:warn] [pid 10188:tid 1860] [client ::1:54696] PHP Warning:  Undefined variable $filename in C:\\Users\\bart-\\OneDrive\\Desktop\\PHP_SPD_222\\access_manager.php on line 17, referer: http://www.spd-222.loc/basics
[Sat Feb 10 14:37:18.592366 2024] [php:warn] [pid 10188:tid 1860] [client ::1:54696] PHP Warning:  Undefined variable $filename in C:\\Users\\bart-\\OneDrive\\Desktop\\PHP_SPD_222\\access_manager.php on line 17, referer: http://www.spd-222.loc/basics
[Sat Feb 10 14:37:18.593363 2024] [php:warn] [pid 10188:tid 1856] [client ::1:54697] PHP Warning:  Undefined variable $filename in C:\\Users\\bart-\\OneDrive\\Desktop\\PHP_SPD_222\\access_manager.php on line 17, referer: http://www.spd-222.loc/basics
[Sat Feb 10 14:37:18.593363 2024] [php:warn] [pid 10188:tid 1868] [client ::1:54698] PHP Warning:  Undefined variable $filename in C:\\Users\\bart-\\OneDrive\\Desktop\\PHP_SPD_222\\access_manager.php on line 17, referer: http://www.spd-222.loc/basics
[Sat Feb 10 14:37:19.064723 2024] [php:warn] [pid 10188:tid 1868] [client ::1:54698] PHP Warning:  Undefined variable $filename in C:\\Users\\bart-\\OneDrive\\Desktop\\PHP_SPD_222\\access_manager.php on line 17, referer: http://www.spd-222.loc/basics
[Sat Feb 10 14:37:19.076682 2024] [php:warn] [pid 10188:tid 1868] [client ::1:54698] PHP Warning:  Undefined variable $filename in C:\\Users\\bart-\\OneDrive\\Desktop\\PHP_SPD_222\\access_manager.php on line 17, referer: http://www.spd-222.loc/layout
[Sat Feb 10 14:37:19.077680 2024] [php:warn] [pid 10188:tid 1856] [client ::1:54697] PHP Warning:  Undefined variable $filename in C:\\Users\\bart-\\OneDrive\\Desktop\\PHP_SPD_222\\access_manager.php on line 17, referer: http://www.spd-222.loc/layout
[Sat Feb 10 14:37:19.077680 2024] [php:warn] [pid 10188:tid 1860] [client ::1:54696] PHP Warning:  Undefined variable $filename in C:\\Users\\bart-\\OneDrive\\Desktop\\PHP_SPD_222\\access_manager.php on line 17, referer: http://www.spd-222.loc/layout
[Sat Feb 10 14:38:17.427002 2024] [php:warn] [pid 10188:tid 1868] [client ::1:54727] PHP Warning:  Undefined variable $filename in C:\\Users\\bart-\\OneDrive\\Desktop\\PHP_SPD_222\\access_manager.php on line 17, referer: http://www.spd-222.loc/basics
[Sat Feb 10 14:38:17.569407 2024] [php:warn] [pid 10188:tid 1868] [client ::1:54727] PHP Warning:  Undefined variable $filename in C:\\Users\\bart-\\OneDrive\\Desktop\\PHP_SPD_222\\access_manager.php on line 17, referer: http://www.spd-222.loc/layout
[Sat Feb 10 14:38:17.571400 2024] [php:warn] [pid 10188:tid 1860] [client ::1:54729] PHP Warning:  Undefined variable $filename in C:\\Users\\bart-\\OneDrive\\Desktop\\PHP_SPD_222\\access_manager.php on line 17, referer: http://www.spd-222.loc/layout
[Sat Feb 10 14:38:17.571400 2024] [php:warn] [pid 10188:tid 1856] [client ::1:54728] PHP Warning:  Undefined variable $filename in C:\\Users\\bart-\\OneDrive\\Desktop\\PHP_SPD_222\\access_manager.php on line 17, referer: http://www.spd-222.loc/layout
[Sat Feb 10 14:38:18.743937 2024] [php:warn] [pid 10188:tid 1856] [client ::1:54728] PHP Warning:  Undefined variable $filename in C:\\Users\\bart-\\OneDrive\\Desktop\\PHP_SPD_222\\access_manager.php on line 17, referer: http://www.spd-222.loc/layout
[Sat Feb 10 14:38:18.838385 2024] [php:warn] [pid 10188:tid 1856] [client ::1:54728] PHP Warning:  Undefined variable $filename in C:\\Users\\bart-\\OneDrive\\Desktop\\PHP_SPD_222\\access_manager.php on line 17, referer: http://www.spd-222.loc/basics
[Sat Feb 10 14:38:18.840379 2024] [php:warn] [pid 10188:tid 1860] [client ::1:54729] PHP Warning:  Undefined variable $filename in C:\\Users\\bart-\\OneDrive\\Desktop\\PHP_SPD_222\\access_manager.php on line 17, referer: http://www.spd-222.loc/basics
[Sat Feb 10 14:38:18.840379 2024] [php:warn] [pid 10188:tid 1868] [client ::1:54727] PHP Warning:  Undefined variable $filename in C:\\Users\\bart-\\OneDrive\\Desktop\\PHP_SPD_222\\access_manager.php on line 17, referer: http://www.spd-222.loc/basics
[Sat Feb 10 14:38:19.337767 2024] [php:warn] [pid 10188:tid 1868] [client ::1:54727] PHP Warning:  Undefined variable $filename in C:\\Users\\bart-\\OneDrive\\Desktop\\PHP_SPD_222\\access_manager.php on line 17, referer: http://www.spd-222.loc/basics
[Sat Feb 10 14:38:19.349816 2024] [php:warn] [pid 10188:tid 1868] [client ::1:54727] PHP Warning:  Undefined variable $filename in C:\\Users\\bart-\\OneDrive\\Desktop\\PHP_SPD_222\\access_manager.php on line 17, referer: http://www.spd-222.loc/layout
[Sat Feb 10 14:38:19.350812 2024] [php:warn] [pid 10188:tid 1856] [client ::1:54728] PHP Warning:  Undefined variable $filename in C:\\Users\\bart-\\OneDrive\\Desktop\\PHP_SPD_222\\access_manager.php on line 17, referer: http://www.spd-222.loc/layout
[Sat Feb 10 14:38:19.350812 2024] [php:warn] [pid 10188:tid 1860] [client ::1:54729] PHP Warning:  Undefined variable $filename in C:\\Users\\bart-\\OneDrive\\Desktop\\PHP_SPD_222\\access_manager.php on line 17, referer: http://www.spd-222.loc/layout
[Sat Feb 10 14:38:20.057124 2024] [php:warn] [pid 10188:tid 1860] [client ::1:54729] PHP Warning:  Undefined variable $filename in C:\\Users\\bart-\\OneDrive\\Desktop\\PHP_SPD_222\\access_manager.php on line 17, referer: http://www.spd-222.loc/layout
[Sat Feb 10 14:38:20.069084 2024] [php:warn] [pid 10188:tid 1860] [client ::1:54729] PHP Warning:  Undefined variable $filename in C:\\Users\\bart-\\OneDrive\\Desktop\\PHP_SPD_222\\access_manager.php on line 17, referer: http://www.spd-222.loc/basics
[Sat Feb 10 14:38:20.071077 2024] [php:warn] [pid 10188:tid 1856] [client ::1:54728] PHP Warning:  Undefined variable $filename in C:\\Users\\bart-\\OneDrive\\Desktop\\PHP_SPD_222\\access_manager.php on line 17, referer: http://www.spd-222.loc/basics
[Sat Feb 10 14:38:20.071077 2024] [php:warn] [pid 10188:tid 1868] [client ::1:54727] PHP Warning:  Undefined variable $filename in C:\\Users\\bart-\\OneDrive\\Desktop\\PHP_SPD_222\\access_manager.php on line 17, referer: http://www.spd-222.loc/basics
[Sat Feb 10 14:38:21.048353 2024] [php:warn] [pid 10188:tid 1868] [client ::1:54727] PHP Warning:  Undefined variable $filename in C:\\Users\\bart-\\OneDrive\\Desktop\\PHP_SPD_222\\access_manager.php on line 17, referer: http://www.spd-222.loc/basics
[Sat Feb 10 14:38:21.060314 2024] [php:warn] [pid 10188:tid 1868] [client ::1:54727] PHP Warning:  Undefined variable $filename in C:\\Users\\bart-\\OneDrive\\Desktop\\PHP_SPD_222\\access_manager.php on line 17, referer: http://www.spd-222.loc/layout
[Sat Feb 10 14:38:21.061310 2024] [php:warn] [pid 10188:tid 1860] [client ::1:54729] PHP Warning:  Undefined variable $filename in C:\\Users\\bart-\\OneDrive\\Desktop\\PHP_SPD_222\\access_manager.php on line 17, referer: http://www.spd-222.loc/layout
[Sat Feb 10 14:38:21.061310 2024] [php:warn] [pid 10188:tid 1856] [client ::1:54728] PHP Warning:  Undefined variable $filename in C:\\Users\\bart-\\OneDrive\\Desktop\\PHP_SPD_222\\access_manager.php on line 17, referer: http://www.spd-222.loc/layout
[Sat Feb 10 14:38:21.869395 2024] [php:warn] [pid 10188:tid 1856] [client ::1:54728] PHP Warning:  Undefined variable $filename in C:\\Users\\bart-\\OneDrive\\Desktop\\PHP_SPD_222\\access_manager.php on line 17, referer: http://www.spd-222.loc/
[Sat Feb 10 14:38:21.870393 2024] [php:warn] [pid 10188:tid 1868] [client ::1:54727] PHP Warning:  Undefined variable $filename in C:\\Users\\bart-\\OneDrive\\Desktop\\PHP_SPD_222\\access_manager.php on line 17, referer: http://www.spd-222.loc/
[Sat Feb 10 14:38:21.870393 2024] [php:warn] [pid 10188:tid 1860] [client ::1:54729] PHP Warning:  Undefined variable $filename in C:\\Users\\bart-\\OneDrive\\Desktop\\PHP_SPD_222\\access_manager.php on line 17, referer: http://www.spd-222.loc/
[Sat Feb 10 14:38:23.176351 2024] [php:warn] [pid 10188:tid 1860] [client ::1:54729] PHP Warning:  Undefined variable $filename in C:\\Users\\bart-\\OneDrive\\Desktop\\PHP_SPD_222\\access_manager.php on line 17, referer: http://www.spd-222.loc/
[Sat Feb 10 14:38:23.177350 2024] [php:warn] [pid 10188:tid 1868] [client ::1:54727] PHP Warning:  Undefined variable $filename in C:\\Users\\bart-\\OneDrive\\Desktop\\PHP_SPD_222\\access_manager.php on line 17, referer: http://www.spd-222.loc/
[Sat Feb 10 14:38:23.177350 2024] [php:warn] [pid 10188:tid 1856] [client ::1:54728] PHP Warning:  Undefined variable $filename in C:\\Users\\bart-\\OneDrive\\Desktop\\PHP_SPD_222\\access_manager.php on line 17, referer: http://www.spd-222.loc/
[Sat Feb 10 14:38:23.871678 2024] [php:warn] [pid 10188:tid 1856] [client ::1:54728] PHP Warning:  Undefined variable $filename in C:\\Users\\bart-\\OneDrive\\Desktop\\PHP_SPD_222\\access_manager.php on line 17, referer: http://www.spd-222.loc/
[Sat Feb 10 14:38:23.884884 2024] [php:warn] [pid 10188:tid 1856] [client ::1:54728] PHP Warning:  Undefined variable $filename in C:\\Users\\bart-\\OneDrive\\Desktop\\PHP_SPD_222\\access_manager.php on line 17, referer: http://www.spd-222.loc/basics
[Sat Feb 10 14:38:23.885881 2024] [php:warn] [pid 10188:tid 1860] [client ::1:54729] PHP Warning:  Undefined variable $filename in C:\\Users\\bart-\\OneDrive\\Desktop\\PHP_SPD_222\\access_manager.php on line 17, referer: http://www.spd-222.loc/basics
[Sat Feb 10 14:38:23.885881 2024] [php:warn] [pid 10188:tid 1868] [client ::1:54727] PHP Warning:  Undefined variable $filename in C:\\Users\\bart-\\OneDrive\\Desktop\\PHP_SPD_222\\access_manager.php on line 17, referer: http://www.spd-222.loc/basics
[Sat Feb 10 14:38:24.672350 2024] [php:warn] [pid 10188:tid 1868] [client ::1:54727] PHP Warning:  Undefined variable $filename in C:\\Users\\bart-\\OneDrive\\Desktop\\PHP_SPD_222\\access_manager.php on line 17, referer: http://www.spd-222.loc/basics
[Sat Feb 10 14:38:24.686304 2024] [php:warn] [pid 10188:tid 1868] [client ::1:54727] PHP Warning:  Undefined variable $filename in C:\\Users\\bart-\\OneDrive\\Desktop\\PHP_SPD_222\\access_manager.php on line 17, referer: http://www.spd-222.loc/layout
[Sat Feb 10 14:38:24.689294 2024] [php:warn] [pid 10188:tid 1860] [client ::1:54729] PHP Warning:  Undefined variable $filename in C:\\Users\\bart-\\OneDrive\\Desktop\\PHP_SPD_222\\access_manager.php on line 17, referer: http://www.spd-222.loc/layout
[Sat Feb 10 14:38:24.689294 2024] [php:warn] [pid 10188:tid 1868] [client ::1:54727] PHP Warning:  Undefined variable $filename in C:\\Users\\bart-\\OneDrive\\Desktop\\PHP_SPD_222\\access_manager.php on line 17, referer: http://www.spd-222.loc/layout
[Sat Feb 10 14:39:52.249259 2024] [php:warn] [pid 10188:tid 1868] [client ::1:58152] PHP Warning:  Undefined variable $filename in C:\\Users\\bart-\\OneDrive\\Desktop\\PHP_SPD_222\\access_manager.php on line 17, referer: http://www.spd-222.loc/basics
[Sat Feb 10 14:39:52.258231 2024] [php:warn] [pid 10188:tid 1868] [client ::1:58152] PHP Warning:  Undefined variable $filename in C:\\Users\\bart-\\OneDrive\\Desktop\\PHP_SPD_222\\access_manager.php on line 17, referer: http://www.spd-222.loc/layout
[Sat Feb 10 14:39:52.260223 2024] [php:warn] [pid 10188:tid 1860] [client ::1:58153] PHP Warning:  Undefined variable $filename in C:\\Users\\bart-\\OneDrive\\Desktop\\PHP_SPD_222\\access_manager.php on line 17, referer: http://www.spd-222.loc/layout
[Sat Feb 10 14:39:52.260223 2024] [php:warn] [pid 10188:tid 1856] [client ::1:58154] PHP Warning:  Undefined variable $filename in C:\\Users\\bart-\\OneDrive\\Desktop\\PHP_SPD_222\\access_manager.php on line 17, referer: http://www.spd-222.loc/layout
[Sat Feb 10 14:39:53.752319 2024] [php:warn] [pid 10188:tid 1860] [client ::1:58153] PHP Warning:  Undefined variable $filename in C:\\Users\\bart-\\OneDrive\\Desktop\\PHP_SPD_222\\access_manager.php on line 17, referer: http://www.spd-222.loc/layout
[Sat Feb 10 14:39:53.765276 2024] [php:warn] [pid 10188:tid 1860] [client ::1:58153] PHP Warning:  Undefined variable $filename in C:\\Users\\bart-\\OneDrive\\Desktop\\PHP_SPD_222\\access_manager.php on line 17, referer: http://www.spd-222.loc/basics
[Sat Feb 10 14:39:53.766272 2024] [php:warn] [pid 10188:tid 1856] [client ::1:58154] PHP Warning:  Undefined variable $filename in C:\\Users\\bart-\\OneDrive\\Desktop\\PHP_SPD_222\\access_manager.php on line 17, referer: http://www.spd-222.loc/basics
[Sat Feb 10 14:39:53.766272 2024] [php:warn] [pid 10188:tid 1868] [client ::1:58152] PHP Warning:  Undefined variable $filename in C:\\Users\\bart-\\OneDrive\\Desktop\\PHP_SPD_222\\access_manager.php on line 17, referer: http://www.spd-222.loc/basics
[Sat Feb 10 16:11:43.195526 2024] [php:error] [pid 10188:tid 1868] [client ::1:51824] PHP Parse error:  syntax error, unexpected token "}", expecting "," or ";" in C:\\Users\\bart-\\OneDrive\\Desktop\\PHP_SPD_222\\controllers\\Testcontroller.php on line 16, referer: http://www.spd-222.loc/api
[Sat Feb 10 16:11:44.225715 2024] [php:error] [pid 10188:tid 1868] [client ::1:51824] PHP Parse error:  syntax error, unexpected token "}", expecting "," or ";" in C:\\Users\\bart-\\OneDrive\\Desktop\\PHP_SPD_222\\controllers\\Testcontroller.php on line 16, referer: http://www.spd-222.loc/api
[Sat Feb 10 16:11:45.329565 2024] [php:error] [pid 10188:tid 1868] [client ::1:51824] PHP Parse error:  syntax error, unexpected token "}", expecting "," or ";" in C:\\Users\\bart-\\OneDrive\\Desktop\\PHP_SPD_222\\controllers\\Testcontroller.php on line 16, referer: http://www.spd-222.loc/api
[Sat Feb 10 16:11:45.720068 2024] [php:error] [pid 10188:tid 1868] [client ::1:51824] PHP Parse error:  syntax error, unexpected token "}", expecting "," or ";" in C:\\Users\\bart-\\OneDrive\\Desktop\\PHP_SPD_222\\controllers\\Testcontroller.php on line 16, referer: http://www.spd-222.loc/api
[Sat Feb 10 16:13:15.026316 2024] [php:error] [pid 10188:tid 1856] [client ::1:51883] PHP Parse error:  syntax error, unexpected token "}", expecting "," or ";" in C:\\Users\\bart-\\OneDrive\\Desktop\\PHP_SPD_222\\controllers\\Testcontroller.php on line 16, referer: http://www.spd-222.loc/api
[Sat Feb 10 16:13:50.409949 2024] [php:warn] [pid 10188:tid 1868] [client ::1:51904] PHP Warning:  Undefined variable $_SERVSR in C:\\Users\\bart-\\OneDrive\\Desktop\\PHP_SPD_222\\controllers\\Testcontroller.php on line 4, referer: http://www.spd-222.loc/api
[Sat Feb 10 16:13:50.409949 2024] [php:warn] [pid 10188:tid 1868] [client ::1:51904] PHP Warning:  Trying to access array offset on value of type null in C:\\Users\\bart-\\OneDrive\\Desktop\\PHP_SPD_222\\controllers\\Testcontroller.php on line 4, referer: http://www.spd-222.loc/api
[Sat Feb 10 16:13:55.482086 2024] [php:warn] [pid 10188:tid 1868] [client ::1:51909] PHP Warning:  Undefined variable $_SERVSR in C:\\Users\\bart-\\OneDrive\\Desktop\\PHP_SPD_222\\controllers\\Testcontroller.php on line 4, referer: http://www.spd-222.loc/api
[Sat Feb 10 16:13:55.482086 2024] [php:warn] [pid 10188:tid 1868] [client ::1:51909] PHP Warning:  Trying to access array offset on value of type null in C:\\Users\\bart-\\OneDrive\\Desktop\\PHP_SPD_222\\controllers\\Testcontroller.php on line 4, referer: http://www.spd-222.loc/api
[Sat Feb 10 16:13:56.817828 2024] [php:warn] [pid 10188:tid 1868] [client ::1:51909] PHP Warning:  Undefined variable $_SERVSR in C:\\Users\\bart-\\OneDrive\\Desktop\\PHP_SPD_222\\controllers\\Testcontroller.php on line 4, referer: http://www.spd-222.loc/api
[Sat Feb 10 16:13:56.817828 2024] [php:warn] [pid 10188:tid 1868] [client ::1:51909] PHP Warning:  Trying to access array offset on value of type null in C:\\Users\\bart-\\OneDrive\\Desktop\\PHP_SPD_222\\controllers\\Testcontroller.php on line 4, referer: http://www.spd-222.loc/api
[Sat Feb 10 16:16:50.850223 2024] [php:warn] [pid 10188:tid 1860] [client ::1:51993] PHP Warning:  Undefined variable $_SERVSR in C:\\Users\\bart-\\OneDrive\\Desktop\\PHP_SPD_222\\controllers\\Testcontroller.php on line 4, referer: http://www.spd-222.loc/api
[Sat Feb 10 16:16:50.850223 2024] [php:warn] [pid 10188:tid 1860] [client ::1:51993] PHP Warning:  Trying to access array offset on value of type null in C:\\Users\\bart-\\OneDrive\\Desktop\\PHP_SPD_222\\controllers\\Testcontroller.php on line 4, referer: http://www.spd-222.loc/api
[Sat Feb 10 16:16:50.850223 2024] [php:error] [pid 10188:tid 1860] [client ::1:51993] PHP Fatal error:  Uncaught Error: Call to undefined function do_() in C:\\Users\\bart-\\OneDrive\\Desktop\\PHP_SPD_222\\controllers\\Testcontroller.php:6\nStack trace:\n#0 C:\\Users\\bart-\\OneDrive\\Desktop\\PHP_SPD_222\\access_manager.php(71): TestController->serve()\n#1 {main}\n  thrown in C:\\Users\\bart-\\OneDrive\\Desktop\\PHP_SPD_222\\controllers\\Testcontroller.php on line 6, referer: http://www.spd-222.loc/api
[Sat Feb 10 16:17:35.849757 2024] [php:warn] [pid 10188:tid 1860] [client ::1:52021] PHP Warning:  Undefined variable $_SERVSR in C:\\Users\\bart-\\OneDrive\\Desktop\\PHP_SPD_222\\controllers\\Testcontroller.php on line 4, referer: http://www.spd-222.loc/api
[Sat Feb 10 16:17:35.849757 2024] [php:warn] [pid 10188:tid 1860] [client ::1:52021] PHP Warning:  Trying to access array offset on value of type null in C:\\Users\\bart-\\OneDrive\\Desktop\\PHP_SPD_222\\controllers\\Testcontroller.php on line 4, referer: http://www.spd-222.loc/api
[Sat Feb 10 16:17:35.849757 2024] [php:error] [pid 10188:tid 1860] [client ::1:52021] PHP Fatal error:  Uncaught Error: Call to undefined function do_() in C:\\Users\\bart-\\OneDrive\\Desktop\\PHP_SPD_222\\controllers\\Testcontroller.php:6\nStack trace:\n#0 C:\\Users\\bart-\\OneDrive\\Desktop\\PHP_SPD_222\\access_manager.php(71): TestController->serve()\n#1 {main}\n  thrown in C:\\Users\\bart-\\OneDrive\\Desktop\\PHP_SPD_222\\controllers\\Testcontroller.php on line 6, referer: http://www.spd-222.loc/api
[Sat Feb 10 16:18:01.906207 2024] [php:error] [pid 10188:tid 1860] [client ::1:52035] PHP Fatal error:  Uncaught Error: Call to undefined function do_get() in C:\\Users\\bart-\\OneDrive\\Desktop\\PHP_SPD_222\\controllers\\Testcontroller.php:6\nStack trace:\n#0 C:\\Users\\bart-\\OneDrive\\Desktop\\PHP_SPD_222\\access_manager.php(71): TestController->serve()\n#1 {main}\n  thrown in C:\\Users\\bart-\\OneDrive\\Desktop\\PHP_SPD_222\\controllers\\Testcontroller.php on line 6, referer: http://www.spd-222.loc/api
[Sat Feb 10 16:18:05.089906 2024] [php:error] [pid 10188:tid 1856] [client ::1:52037] PHP Fatal error:  Uncaught Error: Call to undefined function do_get() in C:\\Users\\bart-\\OneDrive\\Desktop\\PHP_SPD_222\\controllers\\Testcontroller.php:6\nStack trace:\n#0 C:\\Users\\bart-\\OneDrive\\Desktop\\PHP_SPD_222\\access_manager.php(71): TestController->serve()\n#1 {main}\n  thrown in C:\\Users\\bart-\\OneDrive\\Desktop\\PHP_SPD_222\\controllers\\Testcontroller.php on line 6, referer: http://www.spd-222.loc/api
[Sun Feb 11 18:46:29.311561 2024] [php:error] [pid 4488:tid 1876] [client ::1:57489] PHP Fatal error:  Uncaught Error: Undefined constant "reg_form" in C:\\Users\\bart-\\OneDrive\\Desktop\\PHP_SPD_222\\api.php:27\nStack trace:\n#0 C:\\Users\\bart-\\OneDrive\\Desktop\\PHP_SPD_222\\_layout.php(29): include()\n#1 C:\\Users\\bart-\\OneDrive\\Desktop\\PHP_SPD_222\\access_manager.php(60): include('C:\\\\Users\\\\bart-\\\\...')\n#2 {main}\n  thrown in C:\\Users\\bart-\\OneDrive\\Desktop\\PHP_SPD_222\\api.php on line 27, referer: http://www.spd-222.loc/basics
[Sun Feb 11 18:46:54.584724 2024] [php:error] [pid 4488:tid 1856] [client ::1:57492] PHP Fatal error:  Uncaught ValueError: Path cannot be empty in C:\\Users\\bart-\\OneDrive\\Desktop\\PHP_SPD_222\\api.php:27\nStack trace:\n#0 C:\\Users\\bart-\\OneDrive\\Desktop\\PHP_SPD_222\\_layout.php(29): include()\n#1 C:\\Users\\bart-\\OneDrive\\Desktop\\PHP_SPD_222\\access_manager.php(60): include('C:\\\\Users\\\\bart-\\\\...')\n#2 {main}\n  thrown in C:\\Users\\bart-\\OneDrive\\Desktop\\PHP_SPD_222\\api.php on line 27, referer: http://www.spd-222.loc/basics
[Sun Feb 11 18:46:56.910076 2024] [php:error] [pid 4488:tid 1876] [client ::1:57493] PHP Fatal error:  Uncaught ValueError: Path cannot be empty in C:\\Users\\bart-\\OneDrive\\Desktop\\PHP_SPD_222\\api.php:27\nStack trace:\n#0 C:\\Users\\bart-\\OneDrive\\Desktop\\PHP_SPD_222\\_layout.php(29): include()\n#1 C:\\Users\\bart-\\OneDrive\\Desktop\\PHP_SPD_222\\access_manager.php(60): include('C:\\\\Users\\\\bart-\\\\...')\n#2 {main}\n  thrown in C:\\Users\\bart-\\OneDrive\\Desktop\\PHP_SPD_222\\api.php on line 27, referer: http://www.spd-222.loc/basics
[Sun Feb 11 18:46:58.489121 2024] [php:error] [pid 4488:tid 1856] [client ::1:57492] PHP Fatal error:  Uncaught ValueError: Path cannot be empty in C:\\Users\\bart-\\OneDrive\\Desktop\\PHP_SPD_222\\api.php:27\nStack trace:\n#0 C:\\Users\\bart-\\OneDrive\\Desktop\\PHP_SPD_222\\_layout.php(29): include()\n#1 C:\\Users\\bart-\\OneDrive\\Desktop\\PHP_SPD_222\\access_manager.php(60): include('C:\\\\Users\\\\bart-\\\\...')\n#2 {main}\n  thrown in C:\\Users\\bart-\\OneDrive\\Desktop\\PHP_SPD_222\\api.php on line 27, referer: http://www.spd-222.loc/basics
[Sun Feb 11 18:48:26.557151 2024] [php:error] [pid 4488:tid 1856] [client ::1:57504] PHP Fatal error:  Uncaught ValueError: Path cannot be empty in C:\\Users\\bart-\\OneDrive\\Desktop\\PHP_SPD_222\\api.php:27\nStack trace:\n#0 C:\\Users\\bart-\\OneDrive\\Desktop\\PHP_SPD_222\\_layout.php(29): include()\n#1 C:\\Users\\bart-\\OneDrive\\Desktop\\PHP_SPD_222\\access_manager.php(60): include('C:\\\\Users\\\\bart-\\\\...')\n#2 {main}\n  thrown in C:\\Users\\bart-\\OneDrive\\Desktop\\PHP_SPD_222\\api.php on line 27, referer: http://www.spd-222.loc/basics
[Sun Feb 11 18:48:32.280133 2024] [php:error] [pid 4488:tid 1856] [client ::1:57504] PHP Fatal error:  Uncaught ValueError: Path cannot be empty in C:\\Users\\bart-\\OneDrive\\Desktop\\PHP_SPD_222\\api.php:27\nStack trace:\n#0 C:\\Users\\bart-\\OneDrive\\Desktop\\PHP_SPD_222\\_layout.php(29): include()\n#1 C:\\Users\\bart-\\OneDrive\\Desktop\\PHP_SPD_222\\access_manager.php(60): include('C:\\\\Users\\\\bart-\\\\...')\n#2 {main}\n  thrown in C:\\Users\\bart-\\OneDrive\\Desktop\\PHP_SPD_222\\api.php on line 27, referer: http://www.spd-222.loc/basics
[Sun Feb 11 18:49:54.830609 2024] [php:warn] [pid 4488:tid 1872] [client ::1:57513] PHP Warning:  include(reg_form.php): Failed to open stream: No such file or directory in C:\\Users\\bart-\\OneDrive\\Desktop\\PHP_SPD_222\\api.php on line 27, referer: http://www.spd-222.loc/basics
[Sun Feb 11 18:49:54.830609 2024] [php:warn] [pid 4488:tid 1872] [client ::1:57513] PHP Warning:  include(): Failed opening 'reg_form.php' for inclusion (include_path='C:\\xampp\\php\\PEAR') in C:\\Users\\bart-\\OneDrive\\Desktop\\PHP_SPD_222\\api.php on line 27, referer: http://www.spd-222.loc/basics
[Sun Feb 11 18:50:48.509217 2024] [php:warn] [pid 4488:tid 1856] [client ::1:57524] PHP Warning:  include(/controllers/reg_form.php): Failed to open stream: No such file or directory in C:\\Users\\bart-\\OneDrive\\Desktop\\PHP_SPD_222\\api.php on line 27, referer: http://www.spd-222.loc/basics
[Sun Feb 11 18:50:48.510214 2024] [php:warn] [pid 4488:tid 1856] [client ::1:57524] PHP Warning:  include(): Failed opening '/controllers/reg_form.php' for inclusion (include_path='C:\\xampp\\php\\PEAR') in C:\\Users\\bart-\\OneDrive\\Desktop\\PHP_SPD_222\\api.php on line 27, referer: http://www.spd-222.loc/basics
[Sun Feb 11 18:50:50.812995 2024] [php:warn] [pid 4488:tid 1872] [client ::1:57525] PHP Warning:  include(/controllers/reg_form.php): Failed to open stream: No such file or directory in C:\\Users\\bart-\\OneDrive\\Desktop\\PHP_SPD_222\\api.php on line 27, referer: http://www.spd-222.loc/basics
[Sun Feb 11 18:50:50.812995 2024] [php:warn] [pid 4488:tid 1872] [client ::1:57525] PHP Warning:  include(): Failed opening '/controllers/reg_form.php' for inclusion (include_path='C:\\xampp\\php\\PEAR') in C:\\Users\\bart-\\OneDrive\\Desktop\\PHP_SPD_222\\api.php on line 27, referer: http://www.spd-222.loc/basics
[Sun Feb 11 18:51:00.333576 2024] [php:warn] [pid 4488:tid 1856] [client ::1:57527] PHP Warning:  include(/controllers/reg_form.php): Failed to open stream: No such file or directory in C:\\Users\\bart-\\OneDrive\\Desktop\\PHP_SPD_222\\api.php on line 27, referer: http://www.spd-222.loc/basics
[Sun Feb 11 18:51:00.333576 2024] [php:warn] [pid 4488:tid 1856] [client ::1:57527] PHP Warning:  include(): Failed opening '/controllers/reg_form.php' for inclusion (include_path='C:\\xampp\\php\\PEAR') in C:\\Users\\bart-\\OneDrive\\Desktop\\PHP_SPD_222\\api.php on line 27, referer: http://www.spd-222.loc/basics
[Sun Feb 11 18:51:05.669167 2024] [php:warn] [pid 4488:tid 1872] [client ::1:57531] PHP Warning:  include(/controllers/reg_form.php): Failed to open stream: No such file or directory in C:\\Users\\bart-\\OneDrive\\Desktop\\PHP_SPD_222\\api.php on line 27, referer: http://www.spd-222.loc/basics
[Sun Feb 11 18:51:05.669167 2024] [php:warn] [pid 4488:tid 1872] [client ::1:57531] PHP Warning:  include(): Failed opening '/controllers/reg_form.php' for inclusion (include_path='C:\\xampp\\php\\PEAR') in C:\\Users\\bart-\\OneDrive\\Desktop\\PHP_SPD_222\\api.php on line 27, referer: http://www.spd-222.loc/basics
[Sun Feb 11 18:51:06.172595 2024] [php:warn] [pid 4488:tid 1876] [client ::1:57532] PHP Warning:  include(/controllers/reg_form.php): Failed to open stream: No such file or directory in C:\\Users\\bart-\\OneDrive\\Desktop\\PHP_SPD_222\\api.php on line 27, referer: http://www.spd-222.loc/basics
[Sun Feb 11 18:51:06.172595 2024] [php:warn] [pid 4488:tid 1876] [client ::1:57532] PHP Warning:  include(): Failed opening '/controllers/reg_form.php' for inclusion (include_path='C:\\xampp\\php\\PEAR') in C:\\Users\\bart-\\OneDrive\\Desktop\\PHP_SPD_222\\api.php on line 27, referer: http://www.spd-222.loc/basics
[Sun Feb 18 14:29:22.347474 2024] [php:error] [pid 12768:tid 1856] [client ::1:57832] PHP Fatal error:  Cannot declare class TestController, because the name is already in use in C:\\Users\\bart-\\OneDrive\\Desktop\\PHP_SPD_222\\controllers\\TestController.php on line 5, referer: http://www.spd-222.loc/api
[Sun Feb 18 14:29:24.817825 2024] [php:error] [pid 12768:tid 1856] [client ::1:57832] PHP Fatal error:  Cannot declare class TestController, because the name is already in use in C:\\Users\\bart-\\OneDrive\\Desktop\\PHP_SPD_222\\controllers\\TestController.php on line 5, referer: http://www.spd-222.loc/api
[Sun Feb 18 14:29:26.290302 2024] [php:error] [pid 12768:tid 1856] [client ::1:57832] PHP Fatal error:  Cannot declare class TestController, because the name is already in use in C:\\Users\\bart-\\OneDrive\\Desktop\\PHP_SPD_222\\controllers\\TestController.php on line 5, referer: http://www.spd-222.loc/api
[Sun Feb 18 14:29:26.553964 2024] [php:error] [pid 12768:tid 1856] [client ::1:57832] PHP Fatal error:  Cannot declare class TestController, because the name is already in use in C:\\Users\\bart-\\OneDrive\\Desktop\\PHP_SPD_222\\controllers\\TestController.php on line 5, referer: http://www.spd-222.loc/api
[Sun Feb 18 14:29:27.147202 2024] [php:error] [pid 12768:tid 1856] [client ::1:57832] PHP Fatal error:  Cannot declare class TestController, because the name is already in use in C:\\Users\\bart-\\OneDrive\\Desktop\\PHP_SPD_222\\controllers\\TestController.php on line 5, referer: http://www.spd-222.loc/api
[Sun Feb 18 14:29:56.155911 2024] [php:error] [pid 17060:tid 1876] [client ::1:57834] PHP Fatal error:  Cannot declare class TestController, because the name is already in use in C:\\Users\\bart-\\OneDrive\\Desktop\\PHP_SPD_222\\controllers\\TestController.php on line 5, referer: http://www.spd-222.loc/api
[Sun Feb 18 14:29:57.282955 2024] [php:error] [pid 17060:tid 1876] [client ::1:57834] PHP Fatal error:  Cannot declare class TestController, because the name is already in use in C:\\Users\\bart-\\OneDrive\\Desktop\\PHP_SPD_222\\controllers\\TestController.php on line 5, referer: http://www.spd-222.loc/api
[Sun Feb 18 14:29:59.209986 2024] [php:error] [pid 17060:tid 1868] [client ::1:57835] PHP Fatal error:  Cannot declare class TestController, because the name is already in use in C:\\Users\\bart-\\OneDrive\\Desktop\\PHP_SPD_222\\controllers\\TestController.php on line 5, referer: http://www.spd-222.loc/api
[Sun Feb 18 14:31:39.977783 2024] [php:error] [pid 17060:tid 1848] [client ::1:57869] PHP Fatal error:  Cannot declare class TestController, because the name is already in use in C:\\Users\\bart-\\OneDrive\\Desktop\\PHP_SPD_222\\controllers\\TestController.php on line 5, referer: http://www.spd-222.loc/api
[Sun Feb 18 21:38:00.329070 2024] [php:warn] [pid 11608:tid 720] [client ::1:59998] PHP Warning:  Undefined array key "user-avatar" in C:\\Users\\bart-\\OneDrive\\Desktop\\PHP_SPD_222\\controllers\\AuthController.php on line 44, referer: http://www.spd-222.loc/reg
[Sun Feb 18 21:38:00.329070 2024] [php:warn] [pid 11608:tid 720] [client ::1:59998] PHP Warning:  Trying to access array offset on value of type null in C:\\Users\\bart-\\OneDrive\\Desktop\\PHP_SPD_222\\controllers\\AuthController.php on line 44, referer: http://www.spd-222.loc/reg
[Sun Feb 18 21:44:02.927988 2024] [php:warn] [pid 11608:tid 752] [client ::1:55742] PHP Warning:  Undefined array key "user-avatar" in C:\\Users\\bart-\\OneDrive\\Desktop\\PHP_SPD_222\\controllers\\AuthController.php on line 44, referer: http://www.spd-222.loc/reg
[Sun Feb 18 21:44:02.927988 2024] [php:warn] [pid 11608:tid 752] [client ::1:55742] PHP Warning:  Trying to access array offset on value of type null in C:\\Users\\bart-\\OneDrive\\Desktop\\PHP_SPD_222\\controllers\\AuthController.php on line 44, referer: http://www.spd-222.loc/reg
[Sun Feb 18 21:48:04.104671 2024] [php:warn] [pid 11608:tid 704] [client ::1:55962] PHP Warning:  Undefined array key "user-avatar" in C:\\Users\\bart-\\OneDrive\\Desktop\\PHP_SPD_222\\controllers\\AuthController.php on line 44, referer: http://www.spd-222.loc/reg
[Sun Feb 18 21:48:04.104671 2024] [php:warn] [pid 11608:tid 704] [client ::1:55962] PHP Warning:  Trying to access array offset on value of type null in C:\\Users\\bart-\\OneDrive\\Desktop\\PHP_SPD_222\\controllers\\AuthController.php on line 44, referer: http://www.spd-222.loc/reg
[Sun Feb 18 21:54:41.695496 2024] [php:warn] [pid 11608:tid 720] [client ::1:49862] PHP Warning:  move_uploaded_file(./wwwroot/avatar/65d26081a8708.png): Failed to open stream: No such file or directory in C:\\Users\\bart-\\OneDrive\\Desktop\\PHP_SPD_222\\controllers\\AuthController.php on line 43, referer: http://www.spd-222.loc/reg
[Sun Feb 18 21:54:41.695496 2024] [php:warn] [pid 11608:tid 720] [client ::1:49862] PHP Warning:  move_uploaded_file(): Unable to move &quot;C:\\xampp\\tmp\\php3B7F.tmp&quot; to &quot;./wwwroot/avatar/65d26081a8708.png&quot; in C:\\Users\\bart-\\OneDrive\\Desktop\\PHP_SPD_222\\controllers\\AuthController.php on line 43, referer: http://www.spd-222.loc/reg
[Sun Feb 18 22:02:32.360870 2024] [php:warn] [pid 11608:tid 720] [client ::1:50093] PHP Warning:  move_uploaded_file(./wwwroot/avatar/65d2625856b00.png): Failed to open stream: No such file or directory in C:\\Users\\bart-\\OneDrive\\Desktop\\PHP_SPD_222\\controllers\\AuthController.php on line 43, referer: http://www.spd-222.loc/reg
[Sun Feb 18 22:02:32.360870 2024] [php:warn] [pid 11608:tid 720] [client ::1:50093] PHP Warning:  move_uploaded_file(): Unable to move &quot;C:\\xampp\\tmp\\php6A01.tmp&quot; to &quot;./wwwroot/avatar/65d2625856b00.png&quot; in C:\\Users\\bart-\\OneDrive\\Desktop\\PHP_SPD_222\\controllers\\AuthController.php on line 43, referer: http://www.spd-222.loc/reg
